<?xml version="1.0" encoding="UTF-8"?>
<!-- Generated by org.testng.reporters.JUnitReportReporter -->
<testsuite skipped="0" hostname="CLT-JHAR7480" name="com.bt.qa.testcases.CheckoutTest" tests="1" failures="0" timestamp="09 Feb 2020 17:16:28 GMT" time="31.112" errors="0">
  <testcase name="checkOutBook" time="31.112" classname="com.bt.qa.testcases.CheckoutTest"/>
</testsuite> <!-- com.bt.qa.testcases.CheckoutTest -->
